Case #1: our language is impossible to understand
Case #2: there are twenty six factorial possibilities
Case #3: so it is okay if you want to just give up
Case #4: xoggk d yl wxo vkkvgo ekso uyl wonw sywy
Case #5: xkf yto akj
Case #6: yabba dabba yabba dabba yabba dabba yabba dabba yabba dabba yabba dabba yabba dabba yabba dooooooooo
Case #7: a b c d e f g h i j k l m n o p q r s t u v y w x y z now i know my abcs
Case #8: next time wont you sing with me
Case #9: translating text is not goros strength
Case #10: strength is goros strength
Case #11: now that you know googlerese please do not use it to hack into our systems
Case #12: oh nooooo goggalor is headed for the orphanage
Case #13: oh my god lets make out
Case #14: im commander shepard and this is my favorite problem on the google code jam
Case #15: swift as the wind quiet as the forest steady as the mountain
Case #16: in a world of direwolves and lions sometimes the rarest creature is a friend
Case #17: this is so exciting i have to go the bathroom
Case #18: for those who speak in a tongue do not speak to other people
Case #19: nobody understands them since they are speaking mysteries in the spirit
Case #20: oh yeah alright were gonna shake it up with the party bear tonight
Case #21: by the pricking of my thumbs something wicked this way comes
Case #22: whoooooooooooooooooooaaaaaaaaa i know c plus plus
Case #23: buff tryndamere and amumu
Case #24: you know you want to
Case #25: this here is gunpowder activated twenty seven caliber full auto no kickback nailthrowing mayhem
Case #26: dr zaius dr zaius dr zaius dr zaius ooooooooooooh dr zaius
Case #27: my name is dug i have just met you and i looove you
Case #28: it was the best of times it was the blurst of times
Case #29: oh hai im in ur computer eating your cheezburgers and googleresing your textz
Case #30: let lips do what hands do
